<?xml version="1.0" encoding="UTF-8"?>
<!-- Generated by org.testng.reporters.JUnitXMLReporter -->
<testsuite ignored="4" hostname="Aruns-MacBook-Air.local" failures="0" tests="8" name="MyTest" time="70.351" errors="0" timestamp="2025-08-08T16:55:42 IST">
  <testcase classname="tests.LoginTest" name="testEmptyLogin" time="0.295"/>
  <testcase classname="tests.LoginTest" name="testInvalidLogin" time="1.352"/>
  <testcase classname="tests.LoginTest" name="testValidLogin" time="2.185"/>
  <testcase classname="tests.AddToCartTest" name="removeItemfromCart" time="11.579"/>
  <testcase classname="tests.AddToCartTest" name="testAddItemToCart" time="6.028"/>
  <testcase classname="tests.AddToCartTest" name="testAddMultipleItemToCart" time="11.229"/>
  <testcase classname="tests.CheckoutTest" name="PlaceOrder" time="6.151"/>
  <testcase classname="tests.CheckoutTest" name="checkOutFlow" time="6.108"/>
  <testcase classname="utils.BaseTest" name="@BeforeSuite setupReport" time="0.0">
    <ignored/>
  </testcase> <!-- @BeforeSuite setupReport -->
  <testcase classname="utils.BaseTest" name="@AfterSuite flushReport" time="0.0">
    <ignored/>
  </testcase> <!-- @AfterSuite flushReport -->
  <testcase classname="utils.BaseTest" name="@AfterSuite flushReport" time="0.0">
    <ignored/>
  </testcase> <!-- @AfterSuite flushReport -->
  <testcase classname="utils.BaseTest" name="@BeforeSuite setupReport" time="0.0">
    <ignored/>
  </testcase> <!-- @BeforeSuite setupReport -->
</testsuite> <!-- MyTest -->
