<?xml version="1.0" encoding="UTF-8"?>
<!-- Generated by org.testng.reporters.JUnitXMLReporter -->
<testsuite ignored="0" hostname="Aruns-MacBook-Air.local" failures="0" tests="10" name="Default test" time="13.855" errors="0" timestamp="2025-08-11T23:49:42 IST">
  <testcase classname="telecom_api.ContactListApplication" name="testAddNewUser" time="2.301"/>
  <testcase classname="telecom_api.ContactListApplication" name="testGetUserProfile" time="1.44"/>
  <testcase classname="telecom_api.ContactListApplication" name="testUpdateUser" time="1.246"/>
  <testcase classname="telecom_api.ContactListApplication" name="testLoginUser" time="1.265"/>
  <testcase classname="telecom_api.ContactListApplication" name="addContact" time="1.256"/>
  <testcase classname="telecom_api.ContactListApplication" name="getContactList" time="1.298"/>
  <testcase classname="telecom_api.ContactListApplication" name="getContact" time="1.12"/>
  <testcase classname="telecom_api.ContactListApplication" name="updateContactPUT" time="1.22"/>
  <testcase classname="telecom_api.ContactListApplication" name="updateContactPATCH" time="1.271"/>
  <testcase classname="telecom_api.ContactListApplication" name="logoutUser" time="1.227"/>
</testsuite> <!-- Default test -->
