<?xml version="1.0" encoding="UTF-8"?>
<testng-results ignored="1" total="2" passed="1" failed="0" skipped="0">
  <reporter-output>
  </reporter-output>
  <suite started-at="2025-08-07T12:54:57 IST" name="Default suite" finished-at="2025-08-07T12:55:05 IST" duration-ms="8314">
    <groups>
    </groups>
    <test started-at="2025-08-07T12:54:57 IST" name="Default test" finished-at="2025-08-07T12:55:05 IST" duration-ms="8314">
      <class name="tests.LoginTest">
        <test-method is-config="true" signature="pageSetup()[pri:0, instance:tests.LoginTest@4cc451f2]" started-at="2025-08-07T12:54:57 IST" name="pageSetup" finished-at="2025-08-07T12:55:02 IST" duration-ms="5181" status="PASS">
          <reporter-output>
          </reporter-output>
        </test-method> <!-- pageSetup -->
        <test-method signature="validLoginTest()[pri:0, instance:tests.LoginTest@4cc451f2]" started-at="2025-08-07T12:55:02 IST" name="validLoginTest" finished-at="2025-08-07T12:55:05 IST" duration-ms="3023" status="PASS">
          <reporter-output>
          </reporter-output>
        </test-method> <!-- validLoginTest -->
        <test-method is-config="true" signature="closeBrowser()[pri:0, instance:tests.LoginTest@4cc451f2]" started-at="2025-08-07T12:55:05 IST" name="closeBrowser" finished-at="2025-08-07T12:55:05 IST" duration-ms="95" status="PASS">
          <reporter-output>
          </reporter-output>
        </test-method> <!-- closeBrowser -->
      </class> <!-- tests.LoginTest -->
    </test> <!-- Default test -->
  </suite> <!-- Default suite -->
</testng-results>
